#
# There is insufficient memory for the Java Runtime Environment to continue.
# Native memory allocation (malloc) failed to allocate 1048576 bytes for AllocateHeap
# Possible reasons:
#   The system is out of physical RAM or swap space
#   The process is running with CompressedOops enabled, and the Java Heap may be blocking the growth of the native heap
# Possible solutions:
#   Reduce memory load on the system
#   Increase physical memory or swap space
#   Check if swap backing store is full
#   Decrease Java heap size (-Xmx/-Xms)
#   Decrease number of Java threads
#   Decrease Java thread stack sizes (-Xss)
#   Set larger code cache with -XX:ReservedCodeCacheSize=
#   JVM is running with Unscaled Compressed Oops mode in which the Java heap is
#     placed in the first 4GB address space. The Java Heap base address is the
#     maximum limit for the native heap growth. Please use -XX:HeapBaseMinAddress
#     to set the Java Heap base and to place the Java Heap above 4GB virtual address.
# This output file may be truncated or incomplete.
#
#  Out of Memory Error (allocation.cpp:44), pid=5392, tid=4092
#
# JRE version:  (17.0.6+1) (build )
# Java VM: OpenJDK 64-Bit Server VM (17.0.6+1-b653.34, mixed mode, sharing, tiered, compressed oops, compressed class ptrs, g1 gc, windows-amd64)
# No core dump will be written. Minidumps are not enabled by default on client versions of Windows
#

---------------  S U M M A R Y ------------

Command Line: git4idea.http.GitAskPassApp Username for 'https://github.com':

Host: Intel(R) Core(TM) i7-5600U CPU @ 2.60GHz, 4 cores, 7G,  Windows 10 , 64 bit Build 19041 (10.0.19041.2788)
Time: Sun May 28 17:17:32 2023 Egypt Daylight Time elapsed time: 0.042512 seconds (0d 0h 0m 0s)

---------------  T H R E A D  ---------------

Current thread (0x000001a72cc1d050):  JavaThread "Unknown thread" [_thread_in_vm, id=4092, stack(0x00000011e5a00000,0x00000011e5b00000)]

Stack: [0x00000011e5a00000,0x00000011e5b00000]
Native frames: (J=compiled Java code, j=interpreted, Vv=VM code, C=native code)
V  [jvm.dll+0x683b4a]
V  [jvm.dll+0x842654]
V  [jvm.dll+0x843dfe]
V  [jvm.dll+0x844463]
V  [jvm.dll+0x249b75]
V  [jvm.dll+0xa641f]
V  [jvm.dll+0x2db8c4]
V  [jvm.dll+0x813f0c]
V  [jvm.dll+0x36e6a1]
V  [jvm.dll+0x7f347c]
V  [jvm.dll+0x3f0e8f]
V  [jvm.dll+0x3f29d1]
C  [jli.dll+0x526b]
C  [ucrtbase.dll+0x21bb2]
C  [KERNEL32.DLL+0x17604]
C  [ntdll.dll+0x526a1]


---------------  P R O C E S S  ---------------

Threads class SMR info:
_java_thread_list=0x00007ffdb508c058, length=0, elements={
}

Java Threads: ( => current thread )

Other Threads:

=>0x000001a72cc1d050 (exited) JavaThread "Unknown thread" [_thread_in_vm, id=4092, stack(0x00000011e5a00000,0x00000011e5b00000)]

Threads with active compile tasks:

VM state: not at safepoint (not fully initialized)

VM Mutex/Monitor currently owned by a thread: None

Heap address: 0x0000000000000000, size: 0 MB, Compressed Oops mode: 32-bit

CDS archive(s) mapped at: [0x0000000000000000-0x0000000000000000-0x0000000000000000), size 0, SharedBaseAddress: 0x0000000800000000, ArchiveRelocationMode: 0.
Narrow klass base: 0x0000000000000000, Narrow klass shift: 0, Narrow klass range: 0x0

GC Precious Log:
<Empty>

GC Heap History (0 events):
No events

Dll operation events (1 events):
PublicEvent: 0.028 Loaded shared library C:\Program Files\JetBrains\WebStorm 2022.3.4\jbr\bin\java.dll

Deoptimization events (0 events):
No events

Classes unloaded (0 events):
No events

Classes redefined (0 events):
No events

Internal exceptions (0 events):
No events

VM Operations (0 events):
No events

Events (0 events):
No events


Dynamic libraries:
0x00007ff764360000 - 0x00007ff76436a000 	C:\Program Files\JetBrains\WebStorm 2022.3.4\jbr\bin\java.exe
0x00007ffdea8f0000 - 0x00007ffdeaae8000 	C:\WINDOWS\SYSTEM32\ntdll.dll
0x00007ffde95f0000 - 0x00007ffde96af000 	C:\WINDOWS\System32\KERNEL32.DLL
0x00007ffde8200000 - 0x00007ffde84da000 	C:\WINDOWS\System32\KERNELBASE.dll
0x00007ffde87b0000 - 0x00007ffde88b0000 	C:\WINDOWS\System32\ucrtbase.dll
0x00007ffddb3a0000 - 0x00007ffddb3bb000 	C:\Program Files\JetBrains\WebStorm 2022.3.4\jbr\bin\VCRUNTIME140.dll
0x00007ffde1a10000 - 0x00007ffde1a27000 	C:\Program Files\JetBrains\WebStorm 2022.3.4\jbr\bin\jli.dll
0x00007ffde8b30000 - 0x00007ffde8ccd000 	C:\WINDOWS\System32\USER32.dll
0x00007ffde8920000 - 0x00007ffde8942000 	C:\WINDOWS\System32\win32u.dll
0x00007ffde90f0000 - 0x00007ffde911b000 	C:\WINDOWS\System32\GDI32.dll
0x00007ffde8000000 - 0x00007ffde8110000 	C:\WINDOWS\System32\gdi32full.dll
0x00007ffde8160000 - 0x00007ffde81fd000 	C:\WINDOWS\System32\msvcp_win.dll
0x00007ffdd75b0000 - 0x00007ffdd784a000 	C:\WINDOWS\WinSxS\amd64_microsoft.windows.common-controls_6595b64144ccf1df_6.0.19041.1110_none_60b5254171f9507e\COMCTL32.dll
0x00007ffde89b0000 - 0x00007ffde8a4e000 	C:\WINDOWS\System32\msvcrt.dll
0x00007ffde9880000 - 0x00007ffde98b0000 	C:\WINDOWS\System32\IMM32.DLL
0x00007ffde14b0000 - 0x00007ffde14bc000 	C:\Program Files\JetBrains\WebStorm 2022.3.4\jbr\bin\vcruntime140_1.dll
0x00007ffdbbb80000 - 0x00007ffdbbc0d000 	C:\Program Files\JetBrains\WebStorm 2022.3.4\jbr\bin\msvcp140.dll
0x00007ffdb4550000 - 0x00007ffdb51bd000 	C:\Program Files\JetBrains\WebStorm 2022.3.4\jbr\bin\server\jvm.dll
0x00007ffde8e10000 - 0x00007ffde8ebe000 	C:\WINDOWS\System32\ADVAPI32.dll
0x00007ffde9a90000 - 0x00007ffde9b2c000 	C:\WINDOWS\System32\sechost.dll
0x00007ffde8cd0000 - 0x00007ffde8df6000 	C:\WINDOWS\System32\RPCRT4.dll
0x00007ffdd7b50000 - 0x00007ffdd7b5a000 	C:\WINDOWS\SYSTEM32\VERSION.dll
0x00007ffdd4080000 - 0x00007ffdd4089000 	C:\WINDOWS\SYSTEM32\WSOCK32.dll
0x00007ffdd7880000 - 0x00007ffdd78a7000 	C:\WINDOWS\SYSTEM32\WINMM.dll
0x00007ffde9810000 - 0x00007ffde987b000 	C:\WINDOWS\System32\WS2_32.dll
0x00007ffde6850000 - 0x00007ffde6862000 	C:\WINDOWS\SYSTEM32\kernel.appcore.dll
0x00007ffde5fc0000 - 0x00007ffde5fca000 	C:\Program Files\JetBrains\WebStorm 2022.3.4\jbr\bin\jimage.dll
0x00007ffde56c0000 - 0x00007ffde58a4000 	C:\WINDOWS\SYSTEM32\DBGHELP.DLL
0x00007ffdd1060000 - 0x00007ffdd1094000 	C:\WINDOWS\SYSTEM32\dbgcore.DLL
0x00007ffde8510000 - 0x00007ffde8592000 	C:\WINDOWS\System32\bcryptPrimitives.dll
0x00007ffde33e0000 - 0x00007ffde3405000 	C:\Program Files\JetBrains\WebStorm 2022.3.4\jbr\bin\java.dll

dbghelp: loaded successfully - version: 4.0.5 - missing functions: none
symbol engine: initialized successfully - sym options: 0x614 - pdb path: .;C:\Program Files\JetBrains\WebStorm 2022.3.4\jbr\bin;C:\WINDOWS\SYSTEM32;C:\WINDOWS\WinSxS\amd64_microsoft.windows.common-controls_6595b64144ccf1df_6.0.19041.1110_none_60b5254171f9507e;C:\Program Files\JetBrains\WebStorm 2022.3.4\jbr\bin\server

VM Arguments:
java_command: git4idea.http.GitAskPassApp Username for 'https://github.com':
java_class_path (initial): C:/Program Files/JetBrains/WebStorm 2022.3.4/plugins/vcs-git/lib/git4idea-rt.jar;C:/Program Files/JetBrains/WebStorm 2022.3.4/lib/externalProcess-rt.jar;C:/Program Files/JetBrains/WebStorm 2022.3.4/lib/app.jar;C:/Program Files/JetBrains/WebStorm 2022.3.4/lib/3rd-party-rt.jar
Launcher Type: SUN_STANDARD

[Global flags]
     intx CICompilerCount                          = 3                                         {product} {ergonomic}
     uint ConcGCThreads                            = 1                                         {product} {ergonomic}
     uint G1ConcRefinementThreads                  = 4                                         {product} {ergonomic}
   size_t G1HeapRegionSize                         = 1048576                                   {product} {ergonomic}
    uintx GCDrainStackTargetSize                   = 64                                        {product} {ergonomic}
   size_t InitialHeapSize                          = 134217728                                 {product} {ergonomic}
   size_t MarkStackSize                            = 4194304                                   {product} {ergonomic}
   size_t MaxHeapSize                              = 2116026368                                {product} {ergonomic}
   size_t MinHeapDeltaBytes                        = 1048576                                   {product} {ergonomic}
   size_t MinHeapSize                              = 8388608                                   {product} {ergonomic}
    uintx NonNMethodCodeHeapSize                   = 5832780                                {pd product} {ergonomic}
    uintx NonProfiledCodeHeapSize                  = 122912730                              {pd product} {ergonomic}
    uintx ProfiledCodeHeapSize                     = 122912730                              {pd product} {ergonomic}
    uintx ReservedCodeCacheSize                    = 251658240                              {pd product} {ergonomic}
     bool SegmentedCodeCache                       = true                                      {product} {ergonomic}
   size_t SoftMaxHeapSize                          = 2116026368                             {manageable} {ergonomic}
     bool UseCompressedClassPointers               = true                           {product lp64_product} {ergonomic}
     bool UseCompressedOops                        = true                           {product lp64_product} {ergonomic}
     bool UseG1GC                                  = true                                      {product} {ergonomic}
     bool UseLargePagesIndividualAllocation        = false                                  {pd product} {ergonomic}

Logging:
Log output configuration:
 #0: stdout all=warning uptime,level,tags
 #1: stderr all=off uptime,level,tags

Environment Variables:
PATH=C:/Program Files/Git/mingw64/libexec/git-core;C:/Program Files/Git/mingw64/libexec/git-core;C:\Program Files\Git\mingw64\bin;C:\Program Files\Git\usr\bin;C:\Users\Ahmed Ashraf\bin;C:\Python311\Scripts\;C:\Python311\;C:\WINDOWS\system32;C:\WINDOWS;C:\WINDOWS\System32\Wbem;C:\WINDOWS\System32\WindowsPowerShell\v1.0\;C:\WINDOWS\System32\OpenSSH\;C:\Program Files\nodejs\;C:\ProgramData\chocolatey\bin;C:\Program Files\Git\cmd;C:\Users\Ahmed Ashraf\AppData\Local\Microsoft\WindowsApps;C:\Users\Ahmed Ashraf\AppData\Roaming\npm;C:\Users\Ahmed Ashraf\AppData\Local\Programs\Microsoft VS Code\bin
USERNAME=Ahmed Ashraf
DISPLAY=:0.0
LC_ALL=en_US.UTF-8
TERM=xterm-256color
TMPDIR=C:\Users\AHMEDA~1\AppData\Local\Temp
OS=Windows_NT
PROCESSOR_IDENTIFIER=Intel64 Family 6 Model 61 Stepping 4, GenuineIntel
TMP=C:\Users\AHMEDA~1\AppData\Local\Temp
TEMP=C:\Users\AHMEDA~1\AppData\Local\Temp



---------------  S Y S T E M  ---------------

OS:
 Windows 10 , 64 bit Build 19041 (10.0.19041.2788)
OS uptime: 24 days 0:42 hours

CPU: total 4 (initial active 4) (2 cores per cpu, 2 threads per core) family 6 model 61 stepping 4 microcode 0x2d, cx8, cmov, fxsr, ht, mmx, 3dnowpref, sse, sse2, sse3, ssse3, sse4.1, sse4.2, popcnt, lzcnt, tsc, tscinvbit, avx, avx2, aes, erms, clmul, bmi1, bmi2, rtm, adx, fma, vzeroupper, clflush

Memory: 4k page, system-wide physical 8064M (867M free)
TotalPageFile size 20434M (AvailPageFile size 3M)
current process WorkingSet (physical memory assigned to process): 9M, peak: 9M
current process commit charge ("private bytes"): 10M, peak: 11M

vm_info: OpenJDK 64-Bit Server VM (17.0.6+1-b653.34) for windows-amd64 JRE (17.0.6+1-b653.34), built on 2023-02-24 by "builduser" with MS VC++ 16.10 / 16.11 (VS2019)

END.
